#
# There is insufficient memory for the Java Runtime Environment to continue.
# Native memory allocation (mmap) failed to map 402653184 bytes for G1 virtual space
# Possible reasons:
#   The system is out of physical RAM or swap space
#   The process is running with CompressedOops enabled, and the Java Heap may be blocking the growth of the native heap
# Possible solutions:
#   Reduce memory load on the system
#   Increase physical memory or swap space
#   Check if swap backing store is full
#   Decrease Java heap size (-Xmx/-Xms)
#   Decrease number of Java threads
#   Decrease Java thread stack sizes (-Xss)
#   Set larger code cache with -XX:ReservedCodeCacheSize=
#   JVM is running with Zero Based Compressed Oops mode in which the Java heap is
#     placed in the first 32GB address space. The Java Heap base address is the
#     maximum limit for the native heap growth. Please use -XX:HeapBaseMinAddress
#     to set the Java Heap base and to place the Java Heap above 32GB virtual address.
# This output file may be truncated or incomplete.
#
#  Out of Memory Error (os_windows.cpp:3613), pid=24464, tid=17688
#
# JRE version:  (17.0.9+9) (build )
# Java VM: OpenJDK 64-Bit Server VM (17.0.9+9, mixed mode, sharing, tiered, compressed oops, compressed class ptrs, g1 gc, windows-amd64)
# No core dump will be written. Minidumps are not enabled by default on client versions of Windows
#

---------------  S U M M A R Y ------------

Command Line: -Dcom.android.sdklib.toolsdir=C:\Program Files\Unity\Hub\Editor\6000.0.33f1-x86_64\Editor\Data\PlaybackEngines\AndroidPlayer\SDK\cmdline-tools\6.0\bin\\.. com.android.sdklib.tool.sdkmanager.SdkManagerCli --list

Host: 11th Gen Intel(R) Core(TM) i5-11600K @ 3.90GHz, 12 cores, 23G,  Windows 11 , 64 bit Build 22621 (10.0.22621.5124)
Time: Wed May  7 04:20:28 2025 Hora est. Pacífico, Sudamérica elapsed time: 0.009780 seconds (0d 0h 0m 0s)

---------------  T H R E A D  ---------------

Current thread (0x000001d41c0cb960):  JavaThread "Unknown thread" [_thread_in_vm, id=17688, stack(0x00000008a4600000,0x00000008a4700000)]

Stack: [0x00000008a4600000,0x00000008a4700000]
Native frames: (J=compiled Java code, j=interpreted, Vv=VM code, C=native code)
V  [jvm.dll+0x67cf49]
V  [jvm.dll+0x83478a]
V  [jvm.dll+0x83624e]
V  [jvm.dll+0x8368b3]
V  [jvm.dll+0x247f1f]
V  [jvm.dll+0x679d69]
V  [jvm.dll+0x66e6ba]
V  [jvm.dll+0x307e5b]
V  [jvm.dll+0x30f306]
V  [jvm.dll+0x35f0ce]
V  [jvm.dll+0x35f2ff]
V  [jvm.dll+0x2dea58]
V  [jvm.dll+0x2df9c4]
V  [jvm.dll+0x806031]
V  [jvm.dll+0x36cf31]
V  [jvm.dll+0x7e4aac]
V  [jvm.dll+0x3f07af]
V  [jvm.dll+0x3f23e1]
C  [jli.dll+0x528f]
C  [ucrtbase.dll+0x29333]
C  [KERNEL32.DLL+0x1259d]
C  [ntdll.dll+0x5af38]


---------------  P R O C E S S  ---------------

Threads class SMR info:
_java_thread_list=0x00007ffa012aee98, length=0, elements={
}

Java Threads: ( => current thread )

Other Threads:
  0x000001d41c153210 GCTaskThread "GC Thread#0" [stack: 0x00000008a4700000,0x00000008a4800000] [id=6528]
  0x000001d41c160020 ConcurrentGCThread "G1 Main Marker" [stack: 0x00000008a4800000,0x00000008a4900000] [id=14124]
  0x000001d41c160a40 ConcurrentGCThread "G1 Conc#0" [stack: 0x00000008a4900000,0x00000008a4a00000] [id=15900]

[error occurred during error reporting (printing all threads), id 0xc0000005, EXCEPTION_ACCESS_VIOLATION (0xc0000005) at pc=0x00007ffa00a6f497]

VM state: not at safepoint (not fully initialized)

VM Mutex/Monitor currently owned by a thread:  ([mutex/lock_event])
[0x000001d41c0c6830] Heap_lock - owner thread: 0x000001d41c0cb960

Heap address: 0x0000000682800000, size: 6104 MB, Compressed Oops mode: Zero based, Oop shift amount: 3

CDS archive(s) mapped at: [0x0000000000000000-0x0000000000000000-0x0000000000000000), size 0, SharedBaseAddress: 0x0000000800000000, ArchiveRelocationMode: 1.
Narrow klass base: 0x0000000000000000, Narrow klass shift: 0, Narrow klass range: 0x0

GC Precious Log:
<Empty>

Heap:
 garbage-first heap   total 0K, used 0K [0x0000000682800000, 0x0000000800000000)
  region size 4096K, 0 young (0K), 0 survivors (0K)

[error occurred during error reporting (printing heap information), id 0xc0000005, EXCEPTION_ACCESS_VIOLATION (0xc0000005) at pc=0x00007ffa00e56c79]

GC Heap History (0 events):
No events

Dll operation events (1 events):
Event: 0.005 Loaded shared library C:\Program Files\Unity\Hub\Editor\6000.0.33f1-x86_64\Editor\Data\PlaybackEngines\AndroidPlayer\OpenJDK\bin\java.dll

Deoptimization events (0 events):
No events

Classes unloaded (0 events):
No events

Classes redefined (0 events):
No events

Internal exceptions (0 events):
No events

VM Operations (0 events):
No events

Events (0 events):
No events


Dynamic libraries:
0x00007ff797930000 - 0x00007ff79793e000 	C:\Program Files\Unity\Hub\Editor\6000.0.33f1-x86_64\Editor\Data\PlaybackEngines\AndroidPlayer\OpenJDK\bin\java.exe
0x00007ffaa37d0000 - 0x00007ffaa39e7000 	C:\WINDOWS\SYSTEM32\ntdll.dll
0x00007ffaa3270000 - 0x00007ffaa3334000 	C:\WINDOWS\System32\KERNEL32.DLL
0x00007ffaa0d60000 - 0x00007ffaa1133000 	C:\WINDOWS\System32\KERNELBASE.dll
0x00007ffaa12a0000 - 0x00007ffaa13b1000 	C:\WINDOWS\System32\ucrtbase.dll
0x00007ffa7c360000 - 0x00007ffa7c377000 	C:\Program Files\Unity\Hub\Editor\6000.0.33f1-x86_64\Editor\Data\PlaybackEngines\AndroidPlayer\OpenJDK\bin\jli.dll
0x00007ffa7c340000 - 0x00007ffa7c35b000 	C:\Program Files\Unity\Hub\Editor\6000.0.33f1-x86_64\Editor\Data\PlaybackEngines\AndroidPlayer\OpenJDK\bin\VCRUNTIME140.dll
0x00007ffaa30b0000 - 0x00007ffaa3261000 	C:\WINDOWS\System32\USER32.dll
0x00007ffa8fa80000 - 0x00007ffa8fd18000 	C:\WINDOWS\WinSxS\amd64_microsoft.windows.common-controls_6595b64144ccf1df_6.0.22621.5124_none_270e8f4f7386d69d\COMCTL32.dll
0x00007ffaa08e0000 - 0x00007ffaa0906000 	C:\WINDOWS\System32\win32u.dll
0x00007ffaa36e0000 - 0x00007ffaa3787000 	C:\WINDOWS\System32\msvcrt.dll
0x00007ffaa33f0000 - 0x00007ffaa3419000 	C:\WINDOWS\System32\GDI32.dll
0x00007ffaa0bc0000 - 0x00007ffaa0cdb000 	C:\WINDOWS\System32\gdi32full.dll
0x00007ffaa1200000 - 0x00007ffaa129a000 	C:\WINDOWS\System32\msvcp_win.dll
0x00007ffaa1530000 - 0x00007ffaa1561000 	C:\WINDOWS\System32\IMM32.DLL
0x00007ffa9b5e0000 - 0x00007ffa9b5ec000 	C:\Program Files\Unity\Hub\Editor\6000.0.33f1-x86_64\Editor\Data\PlaybackEngines\AndroidPlayer\OpenJDK\bin\vcruntime140_1.dll
0x00007ffa7c2b0000 - 0x00007ffa7c33d000 	C:\Program Files\Unity\Hub\Editor\6000.0.33f1-x86_64\Editor\Data\PlaybackEngines\AndroidPlayer\OpenJDK\bin\msvcp140.dll
0x00007ffa00780000 - 0x00007ffa013e1000 	C:\Program Files\Unity\Hub\Editor\6000.0.33f1-x86_64\Editor\Data\PlaybackEngines\AndroidPlayer\OpenJDK\bin\server\jvm.dll
0x00007ffaa1470000 - 0x00007ffaa1521000 	C:\WINDOWS\System32\ADVAPI32.dll
0x00007ffaa1f10000 - 0x00007ffaa1fb8000 	C:\WINDOWS\System32\sechost.dll
0x00007ffaa13c0000 - 0x00007ffaa13e8000 	C:\WINDOWS\System32\bcrypt.dll
0x00007ffaa2910000 - 0x00007ffaa2a24000 	C:\WINDOWS\System32\RPCRT4.dll
0x00007ffa67990000 - 0x00007ffa67999000 	C:\WINDOWS\SYSTEM32\WSOCK32.dll
0x00007ffa9f740000 - 0x00007ffa9f78d000 	C:\WINDOWS\SYSTEM32\POWRPROF.dll
0x00007ffaa2440000 - 0x00007ffaa24b1000 	C:\WINDOWS\System32\WS2_32.dll
0x00007ffa9a9c0000 - 0x00007ffa9a9f4000 	C:\WINDOWS\SYSTEM32\WINMM.dll
0x00007ffa9ba70000 - 0x00007ffa9ba7a000 	C:\WINDOWS\SYSTEM32\VERSION.dll
0x00007ffa9f700000 - 0x00007ffa9f713000 	C:\WINDOWS\SYSTEM32\UMPDC.dll
0x00007ffa9f9c0000 - 0x00007ffa9f9d8000 	C:\WINDOWS\SYSTEM32\kernel.appcore.dll
0x00007ffa9a1d0000 - 0x00007ffa9a1da000 	C:\Program Files\Unity\Hub\Editor\6000.0.33f1-x86_64\Editor\Data\PlaybackEngines\AndroidPlayer\OpenJDK\bin\jimage.dll
0x00007ffa9e1c0000 - 0x00007ffa9e3f2000 	C:\WINDOWS\SYSTEM32\DBGHELP.DLL
0x00007ffaa2b40000 - 0x00007ffaa2ed2000 	C:\WINDOWS\System32\combase.dll
0x00007ffaa2a60000 - 0x00007ffaa2b37000 	C:\WINDOWS\System32\OLEAUT32.dll
0x00007ffa7c600000 - 0x00007ffa7c632000 	C:\WINDOWS\SYSTEM32\dbgcore.DLL
0x00007ffaa0ce0000 - 0x00007ffaa0d5b000 	C:\WINDOWS\System32\bcryptPrimitives.dll
0x00007ffa7c280000 - 0x00007ffa7c2a5000 	C:\Program Files\Unity\Hub\Editor\6000.0.33f1-x86_64\Editor\Data\PlaybackEngines\AndroidPlayer\OpenJDK\bin\java.dll

dbghelp: loaded successfully - version: 4.0.5 - missing functions: none
symbol engine: initialized successfully - sym options: 0x614 - pdb path: .;C:\Program Files\Unity\Hub\Editor\6000.0.33f1-x86_64\Editor\Data\PlaybackEngines\AndroidPlayer\OpenJDK\bin;C:\WINDOWS\SYSTEM32;C:\WINDOWS\WinSxS\amd64_microsoft.windows.common-controls_6595b64144ccf1df_6.0.22621.5124_none_270e8f4f7386d69d;C:\Program Files\Unity\Hub\Editor\6000.0.33f1-x86_64\Editor\Data\PlaybackEngines\AndroidPlayer\OpenJDK\bin\server

VM Arguments:
jvm_args: -Dcom.android.sdklib.toolsdir=C:\Program Files\Unity\Hub\Editor\6000.0.33f1-x86_64\Editor\Data\PlaybackEngines\AndroidPlayer\SDK\cmdline-tools\6.0\bin\\.. 
java_command: com.android.sdklib.tool.sdkmanager.SdkManagerCli --list
java_class_path (initial): C:\Program Files\Unity\Hub\Editor\6000.0.33f1-x86_64\Editor\Data\PlaybackEngines\AndroidPlayer\SDK\cmdline-tools\6.0\bin\..\lib\sdkmanager-classpath.jar
Launcher Type: SUN_STANDARD

[Global flags]
     intx CICompilerCount                          = 4                                         {product} {ergonomic}
     uint ConcGCThreads                            = 3                                         {product} {ergonomic}
     uint G1ConcRefinementThreads                  = 10                                        {product} {ergonomic}
   size_t G1HeapRegionSize                         = 4194304                                   {product} {ergonomic}
    uintx GCDrainStackTargetSize                   = 64                                        {product} {ergonomic}
   size_t InitialHeapSize                          = 402653184                                 {product} {ergonomic}
   size_t MarkStackSize                            = 4194304                                   {product} {ergonomic}
   size_t MaxHeapSize                              = 6400507904                                {product} {ergonomic}
   size_t MinHeapDeltaBytes                        = 4194304                                   {product} {ergonomic}
   size_t MinHeapSize                              = 8388608                                   {product} {ergonomic}
    uintx NonNMethodCodeHeapSize                   = 5839372                                {pd product} {ergonomic}
    uintx NonProfiledCodeHeapSize                  = 122909434                              {pd product} {ergonomic}
    uintx ProfiledCodeHeapSize                     = 122909434                              {pd product} {ergonomic}
    uintx ReservedCodeCacheSize                    = 251658240                              {pd product} {ergonomic}
     bool SegmentedCodeCache                       = true                                      {product} {ergonomic}
   size_t SoftMaxHeapSize                          = 6400507904                             {manageable} {ergonomic}
     bool UseCompressedClassPointers               = true                           {product lp64_product} {ergonomic}
     bool UseCompressedOops                        = true                           {product lp64_product} {ergonomic}
     bool UseG1GC                                  = true                                      {product} {ergonomic}
     bool UseLargePagesIndividualAllocation        = false                                  {pd product} {ergonomic}

Logging:
Log output configuration:
 #0: stdout all=warning uptime,level,tags
 #1: stderr all=off uptime,level,tags

Environment Variables:
JAVA_HOME=C:\Program Files\Unity\Hub\Editor\6000.0.33f1-x86_64\Editor\Data\PlaybackEngines\AndroidPlayer\OpenJDK
CLASSPATH=C:\Program Files\Unity\Hub\Editor\6000.0.33f1-x86_64\Editor\Data\PlaybackEngines\AndroidPlayer\SDK\cmdline-tools\6.0\bin\..\lib\sdkmanager-classpath.jar
PATH=C:\Program Files\Oculus\Support\oculus-runtime;C:\Program Files\Microsoft\jdk-17.0.12.7-hotspot\bin;C:\WINDOWS\system32;C:\WINDOWS;C:\WINDOWS\System32\Wbem;C:\WINDOWS\System32\WindowsPowerShell\v1.0\;C:\WINDOWS\System32\OpenSSH\;C:\Program Files (x86)\NVIDIA Corporation\PhysX\Common;C:\Program Files\NVIDIA Corporation\NVIDIA NvDLISR;C:\Program Files\Git\cmd;C:\Program Files\nodejs\;C:\Program Files\dotnet\;C:\Program Files (x86)\Windows Kits\10\Windows Performance Toolkit\;C:\Program Files\Inkscape\bin;C:\ProgramData\chocolatey\bin;C:\Program Files\PuTTY\;C:\Users\andre\AppData\Local\Microsoft\WindowsApps;C:\Users\andre\AppData\Local\Programs\Microsoft VS Code\bin;C:\Users\andre\AppData\Roaming\npm;C:\Users\andre\AppData\Local\gitkraken\bin;C:\Users\andre\AppData\Local\Microsoft\WindowsApps;C:\Users\andre\.dotnet\tools;C:\Users\andre\AppData\Local\Android\Sdk\platform-tools;C:\Users\andre\AppData\Local\Muse Hub\lib
USERNAME=andre
OS=Windows_NT
PROCESSOR_IDENTIFIER=Intel64 Family 6 Model 167 Stepping 1, GenuineIntel
TMP=C:\Users\andre\AppData\Local\Temp
TEMP=C:\Users\andre\AppData\Local\Temp



Periodic native trim disabled


---------------  S Y S T E M  ---------------

OS:
 Windows 11 , 64 bit Build 22621 (10.0.22621.5124)
OS uptime: 0 days 5:18 hours
Hyper-V role detected

CPU: total 12 (initial active 12) (6 cores per cpu, 2 threads per core) family 6 model 167 stepping 1 microcode 0x3c, cx8, cmov, fxsr, ht, mmx, 3dnowpref, sse, sse2, sse3, ssse3, sse4.1, sse4.2, popcnt, lzcnt, tsc, tscinvbit, avx, avx2, aes, erms, clmul, bmi1, bmi2, adx, avx512f, avx512dq, avx512cd, avx512bw, avx512vl, sha, fma, vzeroupper, avx512_vpopcntdq, avx512_vpclmulqdq, avx512_vaes, avx512_vnni, clflush, clflushopt, avx512_vbmi2, avx512_vbmi, hv
Processor Information for all 12 processors :
  Max Mhz: 3912, Current Mhz: 3912, Mhz Limit: 3912

Memory: 4k page, system-wide physical 24412M (992M free)
TotalPageFile size 46271M (AvailPageFile size 359M)
current process WorkingSet (physical memory assigned to process): 11M, peak: 11M
current process commit charge ("private bytes"): 64M, peak: 448M

vm_info: OpenJDK 64-Bit Server VM (17.0.9+9) for windows-amd64 JRE (17.0.9+9), built on Oct 26 2023 14:01:42 by "admin" with MS VC++ 16.10 / 16.11 (VS2019)

END.
